<?xml version="1.0" encoding="UTF-8"?>
<testng-results skipped="0" failed="0" ignored="0" total="1" passed="1">
  <reporter-output>
  </reporter-output>
  <suite name="Suite" duration-ms="27281" started-at="2021-10-04T14:28:57 EDT" finished-at="2021-10-04T14:29:24 EDT">
    <groups>
    </groups>
    <test name="Test" duration-ms="27281" started-at="2021-10-04T14:28:57 EDT" finished-at="2021-10-04T14:29:24 EDT">
      <class name="com.vyomlabs.backup.scripts.TC001">
        <test-method status="PASS" signature="LaunchBrowser(java.lang.String, java.lang.String, java.lang.String, java.lang.String)[pri:0, instance:com.vyomlabs.backup.scripts.TC001@53f65459]" name="LaunchBrowser" is-config="true" duration-ms="11666" started-at="2021-10-04T14:28:57 EDT" finished-at="2021-10-04T14:29:09 EDT">
          <params>
            <param index="0">
              <value>
                <![CDATA[chrome]]>
              </value>
            </param>
            <param index="1">
              <value>
                <![CDATA[http://automationpractice.com/index.php?controller=authentication&back=my-account]]>
              </value>
            </param>
            <param index="2">
              <value>
                <![CDATA[20]]>
              </value>
            </param>
            <param index="3">
              <value>
                <![CDATA[20]]>
              </value>
            </param>
          </params>
          <reporter-output>
          </reporter-output>
        </test-method> <!-- LaunchBrowser -->
        <test-method status="PASS" signature="Login(java.lang.String, java.lang.String)[pri:0, instance:com.vyomlabs.backup.scripts.TC001@53f65459]" name="Login" is-config="true" duration-ms="2822" started-at="2021-10-04T14:29:09 EDT" finished-at="2021-10-04T14:29:12 EDT">
          <params>
            <param index="0">
              <value>
                <![CDATA[godase.17@gmail.com]]>
              </value>
            </param>
            <param index="1">
              <value>
                <![CDATA[M@nisha17]]>
              </value>
            </param>
          </params>
          <reporter-output>
          </reporter-output>
        </test-method> <!-- Login -->
        <test-method status="PASS" signature="testLogin()[pri:0, instance:com.vyomlabs.backup.scripts.TC001@53f65459]" name="testLogin" duration-ms="11455" started-at="2021-10-04T14:29:12 EDT" finished-at="2021-10-04T14:29:23 EDT">
          <reporter-output>
          </reporter-output>
        </test-method> <!-- testLogin -->
        <test-method status="PASS" signature="Logout(org.testng.ITestResult)[pri:0, instance:com.vyomlabs.backup.scripts.TC001@53f65459]" name="Logout" is-config="true" duration-ms="1231" started-at="2021-10-04T14:29:23 EDT" finished-at="2021-10-04T14:29:24 EDT">
          <params>
            <param index="0">
              <value>
                <![CDATA[[TestResult name=testLogin status=SUCCESS method=TC001.testLogin()[pri:0, instance:com.vyomlabs.backup.scripts.TC001@53f65459] output={null}]]]>
              </value>
            </param>
          </params>
          <reporter-output>
          </reporter-output>
        </test-method> <!-- Logout -->
        <test-method status="PASS" signature="CloseApp()[pri:0, instance:com.vyomlabs.backup.scripts.TC001@53f65459]" name="CloseApp" is-config="true" duration-ms="63" started-at="2021-10-04T14:29:24 EDT" finished-at="2021-10-04T14:29:24 EDT">
          <reporter-output>
          </reporter-output>
        </test-method> <!-- CloseApp -->
      </class> <!-- com.vyomlabs.backup.scripts.TC001 -->
    </test> <!-- Test -->
  </suite> <!-- Suite -->
</testng-results>
